Copyright 1986-2018 Xilinx, Inc. All Rights Reserved.
-----------------------------------------------------------------------------------------------------------------------------------------------------------------------------------------------------------------
| Tool Version : Vivado v.2018.2 (win64) Build 2258646 Thu Jun 14 20:03:12 MDT 2018
| Date         : Sun Jun 11 22:10:47 2023
| Host         : LAPTOP-9DSVVGA1 running 64-bit major release  (build 9200)
| Command      : report_timing_summary -max_paths 10 -file Nano_Processor_timing_summary_routed.rpt -pb Nano_Processor_timing_summary_routed.pb -rpx Nano_Processor_timing_summary_routed.rpx -warn_on_violation
| Design       : Nano_Processor
| Device       : 7a35t-cpg236
| Speed File   : -1  PRODUCTION 1.22 2018-03-21
-----------------------------------------------------------------------------------------------------------------------------------------------------------------------------------------------------------------

Timing Summary Report

------------------------------------------------------------------------------------------------
| Timer Settings
| --------------
------------------------------------------------------------------------------------------------

  Enable Multi Corner Analysis               :  Yes
  Enable Pessimism Removal                   :  Yes
  Pessimism Removal Resolution               :  Nearest Common Node
  Enable Input Delay Default Clock           :  No
  Enable Preset / Clear Arcs                 :  No
  Disable Flight Delays                      :  No
  Ignore I/O Paths                           :  No
  Timing Early Launch at Borrowing Latches   :  false

  Corner  Analyze    Analyze    
  Name    Max Paths  Min Paths  
  ------  ---------  ---------  
  Slow    Yes        Yes        
  Fast    Yes        Yes        



check_timing report

Table of Contents
-----------------
1. checking no_clock
2. checking constant_clock
3. checking pulse_width_clock
4. checking unconstrained_internal_endpoints
5. checking no_input_delay
6. checking no_output_delay
7. checking multiple_clock
8. checking generated_clocks
9. checking loops
10. checking partial_input_delay
11. checking partial_output_delay
12. checking latch_loops

1. checking no_clock
--------------------
 There are 11 register/latch pins with no clock driven by root clock pin: Slow_Clk_0/Clk_Out_reg/Q (HIGH)


2. checking constant_clock
--------------------------
 There are 0 register/latch pins with constant_clock.


3. checking pulse_width_clock
-----------------------------
 There are 0 register/latch pins which need pulse_width check


4. checking unconstrained_internal_endpoints
--------------------------------------------
 There are 27 pins that are not constrained for maximum delay. (HIGH)

 There are 0 pins that are not constrained for maximum delay due to constant clock.


5. checking no_input_delay
--------------------------
 There is 1 input port with no input delay specified. (HIGH)

 There are 0 input ports with no input delay but user has a false path constraint.


6. checking no_output_delay
---------------------------
 There are 13 ports with no output delay specified. (HIGH)

 There are 0 ports with no output delay but user has a false path constraint

 There are 0 ports with no output delay but with a timing clock defined on it or propagating through it


7. checking multiple_clock
--------------------------
 There are 0 register/latch pins with multiple clocks.


8. checking generated_clocks
----------------------------
 There are 0 generated clocks that are not connected to a clock source.


9. checking loops
-----------------
 There are 0 combinational loops in the design.


10. checking partial_input_delay
--------------------------------
 There are 0 input ports with partial input delay specified.


11. checking partial_output_delay
---------------------------------
 There are 0 ports with partial output delay specified.


12. checking latch_loops
------------------------
 There are 0 combinational latch loops in the design through latch input



------------------------------------------------------------------------------------------------
| Design Timing Summary
| ---------------------
------------------------------------------------------------------------------------------------

    WNS(ns)      TNS(ns)  TNS Failing Endpoints  TNS Total Endpoints      WHS(ns)      THS(ns)  THS Failing Endpoints  THS Total Endpoints     WPWS(ns)     TPWS(ns)  TPWS Failing Endpoints  TPWS Total Endpoints  
    -------      -------  ---------------------  -------------------      -------      -------  ---------------------  -------------------     --------     --------  ----------------------  --------------------  
      4.995        0.000                      0                   65        0.160        0.000                      0                   65        4.500        0.000                       0                    35  


All user specified timing constraints are met.


------------------------------------------------------------------------------------------------
| Clock Summary
| -------------
------------------------------------------------------------------------------------------------

Clock        Waveform(ns)       Period(ns)      Frequency(MHz)
-----        ------------       ----------      --------------
sys_clk_pin  {0.000 5.000}      10.000          100.000         


------------------------------------------------------------------------------------------------
| Intra Clock Table
| -----------------
------------------------------------------------------------------------------------------------

Clock             WNS(ns)      TNS(ns)  TNS Failing Endpoints  TNS Total Endpoints      WHS(ns)      THS(ns)  THS Failing Endpoints  THS Total Endpoints     WPWS(ns)     TPWS(ns)  TPWS Failing Endpoints  TPWS Total Endpoints  
-----             -------      -------  ---------------------  -------------------      -------      -------  ---------------------  -------------------     --------     --------  ----------------------  --------------------  
sys_clk_pin         4.995        0.000                      0                   65        0.160        0.000                      0                   65        4.500        0.000                       0                    35  


------------------------------------------------------------------------------------------------
| Inter Clock Table
| -----------------
------------------------------------------------------------------------------------------------

From Clock    To Clock          WNS(ns)      TNS(ns)  TNS Failing Endpoints  TNS Total Endpoints      WHS(ns)      THS(ns)  THS Failing Endpoints  THS Total Endpoints  
----------    --------          -------      -------  ---------------------  -------------------      -------      -------  ---------------------  -------------------  


------------------------------------------------------------------------------------------------
| Other Path Groups Table
| -----------------------
------------------------------------------------------------------------------------------------

Path Group    From Clock    To Clock          WNS(ns)      TNS(ns)  TNS Failing Endpoints  TNS Total Endpoints      WHS(ns)      THS(ns)  THS Failing Endpoints  THS Total Endpoints  
----------    ----------    --------          -------      -------  ---------------------  -------------------      -------      -------  ---------------------  -------------------  


------------------------------------------------------------------------------------------------
| Timing Details
| --------------
------------------------------------------------------------------------------------------------


---------------------------------------------------------------------------------------------------
From Clock:  sys_clk_pin
  To Clock:  sys_clk_pin

Setup :            0  Failing Endpoints,  Worst Slack        4.995ns,  Total Violation        0.000ns
Hold  :            0  Failing Endpoints,  Worst Slack        0.160ns,  Total Violation        0.000ns
PW    :            0  Failing Endpoints,  Worst Slack        4.500ns,  Total Violation        0.000ns
---------------------------------------------------------------------------------------------------


Max Delay Paths
--------------------------------------------------------------------------------------
Slack (MET) :             4.995ns  (required time - arrival time)
  Source:                 Slow_Clk_0/count_reg[4]/C
                            (rising edge-triggered cell FDRE clocked by sys_clk_pin  {rise@0.000ns fall@5.000ns period=10.000ns})
  Destination:            Slow_Clk_0/count_reg[1]/R
                            (rising edge-triggered cell FDRE clocked by sys_clk_pin  {rise@0.000ns fall@5.000ns period=10.000ns})
  Path Group:             sys_clk_pin
  Path Type:              Setup (Max at Slow Process Corner)
  Requirement:            10.000ns  (sys_clk_pin rise@10.000ns - sys_clk_pin rise@0.000ns)
  Data Path Delay:        4.446ns  (logic 1.118ns (25.148%)  route 3.328ns (74.852%))
  Logic Levels:           3  (LUT4=2 LUT5=1)
  Clock Path Skew:        0.000ns (DCD - SCD + CPR)
    Destination Clock Delay (DCD):    4.783ns = ( 14.783 - 10.000 ) 
    Source Clock Delay      (SCD):    5.080ns
    Clock Pessimism Removal (CPR):    0.297ns
  Clock Uncertainty:      0.035ns  ((TSJ^2 + TIJ^2)^1/2 + DJ) / 2 + PE
    Total System Jitter     (TSJ):    0.071ns
    Total Input Jitter      (TIJ):    0.000ns
    Discrete Jitter          (DJ):    0.000ns
    Phase Error              (PE):    0.000ns

    Location             Delay type                Incr(ns)  Path(ns)    Netlist Resource(s)
  -------------------------------------------------------------------    -------------------
                         (clock sys_clk_pin rise edge)
                                                      0.000     0.000 r  
    W5                                                0.000     0.000 r  CLK (IN)
                         net (fo=0)                   0.000     0.000    CLK
    W5                   IBUF (Prop_ibuf_I_O)         1.458     1.458 r  CLK_IBUF_inst/O
                         net (fo=1, routed)           1.967     3.425    CLK_IBUF
    BUFGCTRL_X0Y0        BUFG (Prop_bufg_I_O)         0.096     3.521 r  CLK_IBUF_BUFG_inst/O
                         net (fo=34, routed)          1.559     5.080    Slow_Clk_0/CLK_IBUF_BUFG
    SLICE_X56Y19         FDRE                                         r  Slow_Clk_0/count_reg[4]/C
  -------------------------------------------------------------------    -------------------
    SLICE_X56Y19         FDRE (Prop_fdre_C_Q)         0.518     5.598 f  Slow_Clk_0/count_reg[4]/Q
                         net (fo=2, routed)           0.808     6.407    Slow_Clk_0/count[4]
    SLICE_X57Y20         LUT4 (Prop_lut4_I1_O)        0.124     6.531 f  Slow_Clk_0/count[31]_i_8/O
                         net (fo=1, routed)           0.433     6.963    Slow_Clk_0/count[31]_i_8_n_0
    SLICE_X57Y20         LUT5 (Prop_lut5_I4_O)        0.150     7.113 f  Slow_Clk_0/count[31]_i_4/O
                         net (fo=2, routed)           0.997     8.111    Slow_Clk_0/count[31]_i_4_n_0
    SLICE_X55Y24         LUT4 (Prop_lut4_I2_O)        0.326     8.437 r  Slow_Clk_0/count[31]_i_1/O
                         net (fo=31, routed)          1.089     9.526    Slow_Clk_0/Clk_status_0
    SLICE_X56Y19         FDRE                                         r  Slow_Clk_0/count_reg[1]/R
  -------------------------------------------------------------------    -------------------

                         (clock sys_clk_pin rise edge)
                                                     10.000    10.000 r  
    W5                                                0.000    10.000 r  CLK (IN)
                         net (fo=0)                   0.000    10.000    CLK
    W5                   IBUF (Prop_ibuf_I_O)         1.388    11.388 r  CLK_IBUF_inst/O
                         net (fo=1, routed)           1.862    13.250    CLK_IBUF
    BUFGCTRL_X0Y0        BUFG (Prop_bufg_I_O)         0.091    13.341 r  CLK_IBUF_BUFG_inst/O
                         net (fo=34, routed)          1.442    14.783    Slow_Clk_0/CLK_IBUF_BUFG
    SLICE_X56Y19         FDRE                                         r  Slow_Clk_0/count_reg[1]/C
                         clock pessimism              0.297    15.080    
                         clock uncertainty           -0.035    15.045    
    SLICE_X56Y19         FDRE (Setup_fdre_C_R)       -0.524    14.521    Slow_Clk_0/count_reg[1]
  -------------------------------------------------------------------
                         required time                         14.521    
                         arrival time                          -9.526    
  -------------------------------------------------------------------
                         slack                                  4.995    

Slack (MET) :             4.995ns  (required time - arrival time)
  Source:                 Slow_Clk_0/count_reg[4]/C
                            (rising edge-triggered cell FDRE clocked by sys_clk_pin  {rise@0.000ns fall@5.000ns period=10.000ns})
  Destination:            Slow_Clk_0/count_reg[2]/R
                            (rising edge-triggered cell FDRE clocked by sys_clk_pin  {rise@0.000ns fall@5.000ns period=10.000ns})
  Path Group:             sys_clk_pin
  Path Type:              Setup (Max at Slow Process Corner)
  Requirement:            10.000ns  (sys_clk_pin rise@10.000ns - sys_clk_pin rise@0.000ns)
  Data Path Delay:        4.446ns  (logic 1.118ns (25.148%)  route 3.328ns (74.852%))
  Logic Levels:           3  (LUT4=2 LUT5=1)
  Clock Path Skew:        0.000ns (DCD - SCD + CPR)
    Destination Clock Delay (DCD):    4.783ns = ( 14.783 - 10.000 ) 
    Source Clock Delay      (SCD):    5.080ns
    Clock Pessimism Removal (CPR):    0.297ns
  Clock Uncertainty:      0.035ns  ((TSJ^2 + TIJ^2)^1/2 + DJ) / 2 + PE
    Total System Jitter     (TSJ):    0.071ns
    Total Input Jitter      (TIJ):    0.000ns
    Discrete Jitter          (DJ):    0.000ns
    Phase Error              (PE):    0.000ns

    Location             Delay type                Incr(ns)  Path(ns)    Netlist Resource(s)
  -------------------------------------------------------------------    -------------------
                         (clock sys_clk_pin rise edge)
                                                      0.000     0.000 r  
    W5                                                0.000     0.000 r  CLK (IN)
                         net (fo=0)                   0.000     0.000    CLK
    W5                   IBUF (Prop_ibuf_I_O)         1.458     1.458 r  CLK_IBUF_inst/O
                         net (fo=1, routed)           1.967     3.425    CLK_IBUF
    BUFGCTRL_X0Y0        BUFG (Prop_bufg_I_O)         0.096     3.521 r  CLK_IBUF_BUFG_inst/O
                         net (fo=34, routed)          1.559     5.080    Slow_Clk_0/CLK_IBUF_BUFG
    SLICE_X56Y19         FDRE                                         r  Slow_Clk_0/count_reg[4]/C
  -------------------------------------------------------------------    -------------------
    SLICE_X56Y19         FDRE (Prop_fdre_C_Q)         0.518     5.598 f  Slow_Clk_0/count_reg[4]/Q
                         net (fo=2, routed)           0.808     6.407    Slow_Clk_0/count[4]
    SLICE_X57Y20         LUT4 (Prop_lut4_I1_O)        0.124     6.531 f  Slow_Clk_0/count[31]_i_8/O
                         net (fo=1, routed)           0.433     6.963    Slow_Clk_0/count[31]_i_8_n_0
    SLICE_X57Y20         LUT5 (Prop_lut5_I4_O)        0.150     7.113 f  Slow_Clk_0/count[31]_i_4/O
                         net (fo=2, routed)           0.997     8.111    Slow_Clk_0/count[31]_i_4_n_0
    SLICE_X55Y24         LUT4 (Prop_lut4_I2_O)        0.326     8.437 r  Slow_Clk_0/count[31]_i_1/O
                         net (fo=31, routed)          1.089     9.526    Slow_Clk_0/Clk_status_0
    SLICE_X56Y19         FDRE                                         r  Slow_Clk_0/count_reg[2]/R
  -------------------------------------------------------------------    -------------------

                         (clock sys_clk_pin rise edge)
                                                     10.000    10.000 r  
    W5                                                0.000    10.000 r  CLK (IN)
                         net (fo=0)                   0.000    10.000    CLK
    W5                   IBUF (Prop_ibuf_I_O)         1.388    11.388 r  CLK_IBUF_inst/O
                         net (fo=1, routed)           1.862    13.250    CLK_IBUF
    BUFGCTRL_X0Y0        BUFG (Prop_bufg_I_O)         0.091    13.341 r  CLK_IBUF_BUFG_inst/O
                         net (fo=34, routed)          1.442    14.783    Slow_Clk_0/CLK_IBUF_BUFG
    SLICE_X56Y19         FDRE                                         r  Slow_Clk_0/count_reg[2]/C
                         clock pessimism              0.297    15.080    
                         clock uncertainty           -0.035    15.045    
    SLICE_X56Y19         FDRE (Setup_fdre_C_R)       -0.524    14.521    Slow_Clk_0/count_reg[2]
  -------------------------------------------------------------------
                         required time                         14.521    
                         arrival time                          -9.526    
  -------------------------------------------------------------------
                         slack                                  4.995    

Slack (MET) :             4.995ns  (required time - arrival time)
  Source:                 Slow_Clk_0/count_reg[4]/C
                            (rising edge-triggered cell FDRE clocked by sys_clk_pin  {rise@0.000ns fall@5.000ns period=10.000ns})
  Destination:            Slow_Clk_0/count_reg[3]/R
                            (rising edge-triggered cell FDRE clocked by sys_clk_pin  {rise@0.000ns fall@5.000ns period=10.000ns})
  Path Group:             sys_clk_pin
  Path Type:              Setup (Max at Slow Process Corner)
  Requirement:            10.000ns  (sys_clk_pin rise@10.000ns - sys_clk_pin rise@0.000ns)
  Data Path Delay:        4.446ns  (logic 1.118ns (25.148%)  route 3.328ns (74.852%))
  Logic Levels:           3  (LUT4=2 LUT5=1)
  Clock Path Skew:        0.000ns (DCD - SCD + CPR)
    Destination Clock Delay (DCD):    4.783ns = ( 14.783 - 10.000 ) 
    Source Clock Delay      (SCD):    5.080ns
    Clock Pessimism Removal (CPR):    0.297ns
  Clock Uncertainty:      0.035ns  ((TSJ^2 + TIJ^2)^1/2 + DJ) / 2 + PE
    Total System Jitter     (TSJ):    0.071ns
    Total Input Jitter      (TIJ):    0.000ns
    Discrete Jitter          (DJ):    0.000ns
    Phase Error              (PE):    0.000ns

    Location             Delay type                Incr(ns)  Path(ns)    Netlist Resource(s)
  -------------------------------------------------------------------    -------------------
                         (clock sys_clk_pin rise edge)
                                                      0.000     0.000 r  
    W5                                                0.000     0.000 r  CLK (IN)
                         net (fo=0)                   0.000     0.000    CLK
    W5                   IBUF (Prop_ibuf_I_O)         1.458     1.458 r  CLK_IBUF_inst/O
                         net (fo=1, routed)           1.967     3.425    CLK_IBUF
    BUFGCTRL_X0Y0        BUFG (Prop_bufg_I_O)         0.096     3.521 r  CLK_IBUF_BUFG_inst/O
                         net (fo=34, routed)          1.559     5.080    Slow_Clk_0/CLK_IBUF_BUFG
    SLICE_X56Y19         FDRE                                         r  Slow_Clk_0/count_reg[4]/C
  -------------------------------------------------------------------    -------------------
    SLICE_X56Y19         FDRE (Prop_fdre_C_Q)         0.518     5.598 f  Slow_Clk_0/count_reg[4]/Q
                         net (fo=2, routed)           0.808     6.407    Slow_Clk_0/count[4]
    SLICE_X57Y20         LUT4 (Prop_lut4_I1_O)        0.124     6.531 f  Slow_Clk_0/count[31]_i_8/O
                         net (fo=1, routed)           0.433     6.963    Slow_Clk_0/count[31]_i_8_n_0
    SLICE_X57Y20         LUT5 (Prop_lut5_I4_O)        0.150     7.113 f  Slow_Clk_0/count[31]_i_4/O
                         net (fo=2, routed)           0.997     8.111    Slow_Clk_0/count[31]_i_4_n_0
    SLICE_X55Y24         LUT4 (Prop_lut4_I2_O)        0.326     8.437 r  Slow_Clk_0/count[31]_i_1/O
                         net (fo=31, routed)          1.089     9.526    Slow_Clk_0/Clk_status_0
    SLICE_X56Y19         FDRE                                         r  Slow_Clk_0/count_reg[3]/R
  -------------------------------------------------------------------    -------------------

                         (clock sys_clk_pin rise edge)
                                                     10.000    10.000 r  
    W5                                                0.000    10.000 r  CLK (IN)
                         net (fo=0)                   0.000    10.000    CLK
    W5                   IBUF (Prop_ibuf_I_O)         1.388    11.388 r  CLK_IBUF_inst/O
                         net (fo=1, routed)           1.862    13.250    CLK_IBUF
    BUFGCTRL_X0Y0        BUFG (Prop_bufg_I_O)         0.091    13.341 r  CLK_IBUF_BUFG_inst/O
                         net (fo=34, routed)          1.442    14.783    Slow_Clk_0/CLK_IBUF_BUFG
    SLICE_X56Y19         FDRE                                         r  Slow_Clk_0/count_reg[3]/C
                         clock pessimism              0.297    15.080    
                         clock uncertainty           -0.035    15.045    
    SLICE_X56Y19         FDRE (Setup_fdre_C_R)       -0.524    14.521    Slow_Clk_0/count_reg[3]
  -------------------------------------------------------------------
                         required time                         14.521    
                         arrival time                          -9.526    
  -------------------------------------------------------------------
                         slack                                  4.995    

Slack (MET) :             4.995ns  (required time - arrival time)
  Source:                 Slow_Clk_0/count_reg[4]/C
                            (rising edge-triggered cell FDRE clocked by sys_clk_pin  {rise@0.000ns fall@5.000ns period=10.000ns})
  Destination:            Slow_Clk_0/count_reg[4]/R
                            (rising edge-triggered cell FDRE clocked by sys_clk_pin  {rise@0.000ns fall@5.000ns period=10.000ns})
  Path Group:             sys_clk_pin
  Path Type:              Setup (Max at Slow Process Corner)
  Requirement:            10.000ns  (sys_clk_pin rise@10.000ns - sys_clk_pin rise@0.000ns)
  Data Path Delay:        4.446ns  (logic 1.118ns (25.148%)  route 3.328ns (74.852%))
  Logic Levels:           3  (LUT4=2 LUT5=1)
  Clock Path Skew:        0.000ns (DCD - SCD + CPR)
    Destination Clock Delay (DCD):    4.783ns = ( 14.783 - 10.000 ) 
    Source Clock Delay      (SCD):    5.080ns
    Clock Pessimism Removal (CPR):    0.297ns
  Clock Uncertainty:      0.035ns  ((TSJ^2 + TIJ^2)^1/2 + DJ) / 2 + PE
    Total System Jitter     (TSJ):    0.071ns
    Total Input Jitter      (TIJ):    0.000ns
    Discrete Jitter          (DJ):    0.000ns
    Phase Error              (PE):    0.000ns

    Location             Delay type                Incr(ns)  Path(ns)    Netlist Resource(s)
  -------------------------------------------------------------------    -------------------
                         (clock sys_clk_pin rise edge)
                                                      0.000     0.000 r  
    W5                                                0.000     0.000 r  CLK (IN)
                         net (fo=0)                   0.000     0.000    CLK
    W5                   IBUF (Prop_ibuf_I_O)         1.458     1.458 r  CLK_IBUF_inst/O
                         net (fo=1, routed)           1.967     3.425    CLK_IBUF
    BUFGCTRL_X0Y0        BUFG (Prop_bufg_I_O)         0.096     3.521 r  CLK_IBUF_BUFG_inst/O
                         net (fo=34, routed)          1.559     5.080    Slow_Clk_0/CLK_IBUF_BUFG
    SLICE_X56Y19         FDRE                                         r  Slow_Clk_0/count_reg[4]/C
  -------------------------------------------------------------------    -------------------
    SLICE_X56Y19         FDRE (Prop_fdre_C_Q)         0.518     5.598 f  Slow_Clk_0/count_reg[4]/Q
                         net (fo=2, routed)           0.808     6.407    Slow_Clk_0/count[4]
    SLICE_X57Y20         LUT4 (Prop_lut4_I1_O)        0.124     6.531 f  Slow_Clk_0/count[31]_i_8/O
                         net (fo=1, routed)           0.433     6.963    Slow_Clk_0/count[31]_i_8_n_0
    SLICE_X57Y20         LUT5 (Prop_lut5_I4_O)        0.150     7.113 f  Slow_Clk_0/count[31]_i_4/O
                         net (fo=2, routed)           0.997     8.111    Slow_Clk_0/count[31]_i_4_n_0
    SLICE_X55Y24         LUT4 (Prop_lut4_I2_O)        0.326     8.437 r  Slow_Clk_0/count[31]_i_1/O
                         net (fo=31, routed)          1.089     9.526    Slow_Clk_0/Clk_status_0
    SLICE_X56Y19         FDRE                                         r  Slow_Clk_0/count_reg[4]/R
  -------------------------------------------------------------------    -------------------

                         (clock sys_clk_pin rise edge)
                                                     10.000    10.000 r  
    W5                                                0.000    10.000 r  CLK (IN)
                         net (fo=0)                   0.000    10.000    CLK
    W5                   IBUF (Prop_ibuf_I_O)         1.388    11.388 r  CLK_IBUF_inst/O
                         net (fo=1, routed)           1.862    13.250    CLK_IBUF
    BUFGCTRL_X0Y0        BUFG (Prop_bufg_I_O)         0.091    13.341 r  CLK_IBUF_BUFG_inst/O
                         net (fo=34, routed)          1.442    14.783    Slow_Clk_0/CLK_IBUF_BUFG
    SLICE_X56Y19         FDRE                                         r  Slow_Clk_0/count_reg[4]/C
                         clock pessimism              0.297    15.080    
                         clock uncertainty           -0.035    15.045    
    SLICE_X56Y19         FDRE (Setup_fdre_C_R)       -0.524    14.521    Slow_Clk_0/count_reg[4]
  -------------------------------------------------------------------
                         required time                         14.521    
                         arrival time                          -9.526    
  -------------------------------------------------------------------
                         slack                                  4.995    

Slack (MET) :             5.073ns  (required time - arrival time)
  Source:                 Slow_Clk_0/count_reg[4]/C
                            (rising edge-triggered cell FDRE clocked by sys_clk_pin  {rise@0.000ns fall@5.000ns period=10.000ns})
  Destination:            Slow_Clk_0/count_reg[29]/R
                            (rising edge-triggered cell FDRE clocked by sys_clk_pin  {rise@0.000ns fall@5.000ns period=10.000ns})
  Path Group:             sys_clk_pin
  Path Type:              Setup (Max at Slow Process Corner)
  Requirement:            10.000ns  (sys_clk_pin rise@10.000ns - sys_clk_pin rise@0.000ns)
  Data Path Delay:        4.327ns  (logic 1.118ns (25.840%)  route 3.209ns (74.160%))
  Logic Levels:           3  (LUT4=2 LUT5=1)
  Clock Path Skew:        -0.041ns (DCD - SCD + CPR)
    Destination Clock Delay (DCD):    4.779ns = ( 14.779 - 10.000 ) 
    Source Clock Delay      (SCD):    5.080ns
    Clock Pessimism Removal (CPR):    0.260ns
  Clock Uncertainty:      0.035ns  ((TSJ^2 + TIJ^2)^1/2 + DJ) / 2 + PE
    Total System Jitter     (TSJ):    0.071ns
    Total Input Jitter      (TIJ):    0.000ns
    Discrete Jitter          (DJ):    0.000ns
    Phase Error              (PE):    0.000ns

    Location             Delay type                Incr(ns)  Path(ns)    Netlist Resource(s)
  -------------------------------------------------------------------    -------------------
                         (clock sys_clk_pin rise edge)
                                                      0.000     0.000 r  
    W5                                                0.000     0.000 r  CLK (IN)
                         net (fo=0)                   0.000     0.000    CLK
    W5                   IBUF (Prop_ibuf_I_O)         1.458     1.458 r  CLK_IBUF_inst/O
                         net (fo=1, routed)           1.967     3.425    CLK_IBUF
    BUFGCTRL_X0Y0        BUFG (Prop_bufg_I_O)         0.096     3.521 r  CLK_IBUF_BUFG_inst/O
                         net (fo=34, routed)          1.559     5.080    Slow_Clk_0/CLK_IBUF_BUFG
    SLICE_X56Y19         FDRE                                         r  Slow_Clk_0/count_reg[4]/C
  -------------------------------------------------------------------    -------------------
    SLICE_X56Y19         FDRE (Prop_fdre_C_Q)         0.518     5.598 f  Slow_Clk_0/count_reg[4]/Q
                         net (fo=2, routed)           0.808     6.407    Slow_Clk_0/count[4]
    SLICE_X57Y20         LUT4 (Prop_lut4_I1_O)        0.124     6.531 f  Slow_Clk_0/count[31]_i_8/O
                         net (fo=1, routed)           0.433     6.963    Slow_Clk_0/count[31]_i_8_n_0
    SLICE_X57Y20         LUT5 (Prop_lut5_I4_O)        0.150     7.113 f  Slow_Clk_0/count[31]_i_4/O
                         net (fo=2, routed)           0.997     8.111    Slow_Clk_0/count[31]_i_4_n_0
    SLICE_X55Y24         LUT4 (Prop_lut4_I2_O)        0.326     8.437 r  Slow_Clk_0/count[31]_i_1/O
                         net (fo=31, routed)          0.970     9.407    Slow_Clk_0/Clk_status_0
    SLICE_X56Y26         FDRE                                         r  Slow_Clk_0/count_reg[29]/R
  -------------------------------------------------------------------    -------------------

                         (clock sys_clk_pin rise edge)
                                                     10.000    10.000 r  
    W5                                                0.000    10.000 r  CLK (IN)
                         net (fo=0)                   0.000    10.000    CLK
    W5                   IBUF (Prop_ibuf_I_O)         1.388    11.388 r  CLK_IBUF_inst/O
                         net (fo=1, routed)           1.862    13.250    CLK_IBUF
    BUFGCTRL_X0Y0        BUFG (Prop_bufg_I_O)         0.091    13.341 r  CLK_IBUF_BUFG_inst/O
                         net (fo=34, routed)          1.438    14.779    Slow_Clk_0/CLK_IBUF_BUFG
    SLICE_X56Y26         FDRE                                         r  Slow_Clk_0/count_reg[29]/C
                         clock pessimism              0.260    15.039    
                         clock uncertainty           -0.035    15.004    
    SLICE_X56Y26         FDRE (Setup_fdre_C_R)       -0.524    14.480    Slow_Clk_0/count_reg[29]
  -------------------------------------------------------------------
                         required time                         14.480    
                         arrival time                          -9.407    
  -------------------------------------------------------------------
                         slack                                  5.073    

Slack (MET) :             5.073ns  (required time - arrival time)
  Source:                 Slow_Clk_0/count_reg[4]/C
                            (rising edge-triggered cell FDRE clocked by sys_clk_pin  {rise@0.000ns fall@5.000ns period=10.000ns})
  Destination:            Slow_Clk_0/count_reg[30]/R
                            (rising edge-triggered cell FDRE clocked by sys_clk_pin  {rise@0.000ns fall@5.000ns period=10.000ns})
  Path Group:             sys_clk_pin
  Path Type:              Setup (Max at Slow Process Corner)
  Requirement:            10.000ns  (sys_clk_pin rise@10.000ns - sys_clk_pin rise@0.000ns)
  Data Path Delay:        4.327ns  (logic 1.118ns (25.840%)  route 3.209ns (74.160%))
  Logic Levels:           3  (LUT4=2 LUT5=1)
  Clock Path Skew:        -0.041ns (DCD - SCD + CPR)
    Destination Clock Delay (DCD):    4.779ns = ( 14.779 - 10.000 ) 
    Source Clock Delay      (SCD):    5.080ns
    Clock Pessimism Removal (CPR):    0.260ns
  Clock Uncertainty:      0.035ns  ((TSJ^2 + TIJ^2)^1/2 + DJ) / 2 + PE
    Total System Jitter     (TSJ):    0.071ns
    Total Input Jitter      (TIJ):    0.000ns
    Discrete Jitter          (DJ):    0.000ns
    Phase Error              (PE):    0.000ns

    Location             Delay type                Incr(ns)  Path(ns)    Netlist Resource(s)
  -------------------------------------------------------------------    -------------------
                         (clock sys_clk_pin rise edge)
                                                      0.000     0.000 r  
    W5                                                0.000     0.000 r  CLK (IN)
                         net (fo=0)                   0.000     0.000    CLK
    W5                   IBUF (Prop_ibuf_I_O)         1.458     1.458 r  CLK_IBUF_inst/O
                         net (fo=1, routed)           1.967     3.425    CLK_IBUF
    BUFGCTRL_X0Y0        BUFG (Prop_bufg_I_O)         0.096     3.521 r  CLK_IBUF_BUFG_inst/O
                         net (fo=34, routed)          1.559     5.080    Slow_Clk_0/CLK_IBUF_BUFG
    SLICE_X56Y19         FDRE                                         r  Slow_Clk_0/count_reg[4]/C
  -------------------------------------------------------------------    -------------------
    SLICE_X56Y19         FDRE (Prop_fdre_C_Q)         0.518     5.598 f  Slow_Clk_0/count_reg[4]/Q
                         net (fo=2, routed)           0.808     6.407    Slow_Clk_0/count[4]
    SLICE_X57Y20         LUT4 (Prop_lut4_I1_O)        0.124     6.531 f  Slow_Clk_0/count[31]_i_8/O
                         net (fo=1, routed)           0.433     6.963    Slow_Clk_0/count[31]_i_8_n_0
    SLICE_X57Y20         LUT5 (Prop_lut5_I4_O)        0.150     7.113 f  Slow_Clk_0/count[31]_i_4/O
                         net (fo=2, routed)           0.997     8.111    Slow_Clk_0/count[31]_i_4_n_0
    SLICE_X55Y24         LUT4 (Prop_lut4_I2_O)        0.326     8.437 r  Slow_Clk_0/count[31]_i_1/O
                         net (fo=31, routed)          0.970     9.407    Slow_Clk_0/Clk_status_0
    SLICE_X56Y26         FDRE                                         r  Slow_Clk_0/count_reg[30]/R
  -------------------------------------------------------------------    -------------------

                         (clock sys_clk_pin rise edge)
                                                     10.000    10.000 r  
    W5                                                0.000    10.000 r  CLK (IN)
                         net (fo=0)                   0.000    10.000    CLK
    W5                   IBUF (Prop_ibuf_I_O)         1.388    11.388 r  CLK_IBUF_inst/O
                         net (fo=1, routed)           1.862    13.250    CLK_IBUF
    BUFGCTRL_X0Y0        BUFG (Prop_bufg_I_O)         0.091    13.341 r  CLK_IBUF_BUFG_inst/O
                         net (fo=34, routed)          1.438    14.779    Slow_Clk_0/CLK_IBUF_BUFG
    SLICE_X56Y26         FDRE                                         r  Slow_Clk_0/count_reg[30]/C
                         clock pessimism              0.260    15.039    
                         clock uncertainty           -0.035    15.004    
    SLICE_X56Y26         FDRE (Setup_fdre_C_R)       -0.524    14.480    Slow_Clk_0/count_reg[30]
  -------------------------------------------------------------------
                         required time                         14.480    
                         arrival time                          -9.407    
  -------------------------------------------------------------------
                         slack                                  5.073    

Slack (MET) :             5.073ns  (required time - arrival time)
  Source:                 Slow_Clk_0/count_reg[4]/C
                            (rising edge-triggered cell FDRE clocked by sys_clk_pin  {rise@0.000ns fall@5.000ns period=10.000ns})
  Destination:            Slow_Clk_0/count_reg[31]/R
                            (rising edge-triggered cell FDRE clocked by sys_clk_pin  {rise@0.000ns fall@5.000ns period=10.000ns})
  Path Group:             sys_clk_pin
  Path Type:              Setup (Max at Slow Process Corner)
  Requirement:            10.000ns  (sys_clk_pin rise@10.000ns - sys_clk_pin rise@0.000ns)
  Data Path Delay:        4.327ns  (logic 1.118ns (25.840%)  route 3.209ns (74.160%))
  Logic Levels:           3  (LUT4=2 LUT5=1)
  Clock Path Skew:        -0.041ns (DCD - SCD + CPR)
    Destination Clock Delay (DCD):    4.779ns = ( 14.779 - 10.000 ) 
    Source Clock Delay      (SCD):    5.080ns
    Clock Pessimism Removal (CPR):    0.260ns
  Clock Uncertainty:      0.035ns  ((TSJ^2 + TIJ^2)^1/2 + DJ) / 2 + PE
    Total System Jitter     (TSJ):    0.071ns
    Total Input Jitter      (TIJ):    0.000ns
    Discrete Jitter          (DJ):    0.000ns
    Phase Error              (PE):    0.000ns

    Location             Delay type                Incr(ns)  Path(ns)    Netlist Resource(s)
  -------------------------------------------------------------------    -------------------
                         (clock sys_clk_pin rise edge)
                                                      0.000     0.000 r  
    W5                                                0.000     0.000 r  CLK (IN)
                         net (fo=0)                   0.000     0.000    CLK
    W5                   IBUF (Prop_ibuf_I_O)         1.458     1.458 r  CLK_IBUF_inst/O
                         net (fo=1, routed)           1.967     3.425    CLK_IBUF
    BUFGCTRL_X0Y0        BUFG (Prop_bufg_I_O)         0.096     3.521 r  CLK_IBUF_BUFG_inst/O
                         net (fo=34, routed)          1.559     5.080    Slow_Clk_0/CLK_IBUF_BUFG
    SLICE_X56Y19         FDRE                                         r  Slow_Clk_0/count_reg[4]/C
  -------------------------------------------------------------------    -------------------
    SLICE_X56Y19         FDRE (Prop_fdre_C_Q)         0.518     5.598 f  Slow_Clk_0/count_reg[4]/Q
                         net (fo=2, routed)           0.808     6.407    Slow_Clk_0/count[4]
    SLICE_X57Y20         LUT4 (Prop_lut4_I1_O)        0.124     6.531 f  Slow_Clk_0/count[31]_i_8/O
                         net (fo=1, routed)           0.433     6.963    Slow_Clk_0/count[31]_i_8_n_0
    SLICE_X57Y20         LUT5 (Prop_lut5_I4_O)        0.150     7.113 f  Slow_Clk_0/count[31]_i_4/O
                         net (fo=2, routed)           0.997     8.111    Slow_Clk_0/count[31]_i_4_n_0
    SLICE_X55Y24         LUT4 (Prop_lut4_I2_O)        0.326     8.437 r  Slow_Clk_0/count[31]_i_1/O
                         net (fo=31, routed)          0.970     9.407    Slow_Clk_0/Clk_status_0
    SLICE_X56Y26         FDRE                                         r  Slow_Clk_0/count_reg[31]/R
  -------------------------------------------------------------------    -------------------

                         (clock sys_clk_pin rise edge)
                                                     10.000    10.000 r  
    W5                                                0.000    10.000 r  CLK (IN)
                         net (fo=0)                   0.000    10.000    CLK
    W5                   IBUF (Prop_ibuf_I_O)         1.388    11.388 r  CLK_IBUF_inst/O
                         net (fo=1, routed)           1.862    13.250    CLK_IBUF
    BUFGCTRL_X0Y0        BUFG (Prop_bufg_I_O)         0.091    13.341 r  CLK_IBUF_BUFG_inst/O
                         net (fo=34, routed)          1.438    14.779    Slow_Clk_0/CLK_IBUF_BUFG
    SLICE_X56Y26         FDRE                                         r  Slow_Clk_0/count_reg[31]/C
                         clock pessimism              0.260    15.039    
                         clock uncertainty           -0.035    15.004    
    SLICE_X56Y26         FDRE (Setup_fdre_C_R)       -0.524    14.480    Slow_Clk_0/count_reg[31]
  -------------------------------------------------------------------
                         required time                         14.480    
                         arrival time                          -9.407    
  -------------------------------------------------------------------
                         slack                                  5.073    

Slack (MET) :             5.112ns  (required time - arrival time)
  Source:                 Slow_Clk_0/count_reg[4]/C
                            (rising edge-triggered cell FDRE clocked by sys_clk_pin  {rise@0.000ns fall@5.000ns period=10.000ns})
  Destination:            Slow_Clk_0/count_reg[5]/R
                            (rising edge-triggered cell FDRE clocked by sys_clk_pin  {rise@0.000ns fall@5.000ns period=10.000ns})
  Path Group:             sys_clk_pin
  Path Type:              Setup (Max at Slow Process Corner)
  Requirement:            10.000ns  (sys_clk_pin rise@10.000ns - sys_clk_pin rise@0.000ns)
  Data Path Delay:        4.305ns  (logic 1.118ns (25.971%)  route 3.187ns (74.029%))
  Logic Levels:           3  (LUT4=2 LUT5=1)
  Clock Path Skew:        -0.024ns (DCD - SCD + CPR)
    Destination Clock Delay (DCD):    4.783ns = ( 14.783 - 10.000 ) 
    Source Clock Delay      (SCD):    5.080ns
    Clock Pessimism Removal (CPR):    0.273ns
  Clock Uncertainty:      0.035ns  ((TSJ^2 + TIJ^2)^1/2 + DJ) / 2 + PE
    Total System Jitter     (TSJ):    0.071ns
    Total Input Jitter      (TIJ):    0.000ns
    Discrete Jitter          (DJ):    0.000ns
    Phase Error              (PE):    0.000ns

    Location             Delay type                Incr(ns)  Path(ns)    Netlist Resource(s)
  -------------------------------------------------------------------    -------------------
                         (clock sys_clk_pin rise edge)
                                                      0.000     0.000 r  
    W5                                                0.000     0.000 r  CLK (IN)
                         net (fo=0)                   0.000     0.000    CLK
    W5                   IBUF (Prop_ibuf_I_O)         1.458     1.458 r  CLK_IBUF_inst/O
                         net (fo=1, routed)           1.967     3.425    CLK_IBUF
    BUFGCTRL_X0Y0        BUFG (Prop_bufg_I_O)         0.096     3.521 r  CLK_IBUF_BUFG_inst/O
                         net (fo=34, routed)          1.559     5.080    Slow_Clk_0/CLK_IBUF_BUFG
    SLICE_X56Y19         FDRE                                         r  Slow_Clk_0/count_reg[4]/C
  -------------------------------------------------------------------    -------------------
    SLICE_X56Y19         FDRE (Prop_fdre_C_Q)         0.518     5.598 f  Slow_Clk_0/count_reg[4]/Q
                         net (fo=2, routed)           0.808     6.407    Slow_Clk_0/count[4]
    SLICE_X57Y20         LUT4 (Prop_lut4_I1_O)        0.124     6.531 f  Slow_Clk_0/count[31]_i_8/O
                         net (fo=1, routed)           0.433     6.963    Slow_Clk_0/count[31]_i_8_n_0
    SLICE_X57Y20         LUT5 (Prop_lut5_I4_O)        0.150     7.113 f  Slow_Clk_0/count[31]_i_4/O
                         net (fo=2, routed)           0.997     8.111    Slow_Clk_0/count[31]_i_4_n_0
    SLICE_X55Y24         LUT4 (Prop_lut4_I2_O)        0.326     8.437 r  Slow_Clk_0/count[31]_i_1/O
                         net (fo=31, routed)          0.948     9.385    Slow_Clk_0/Clk_status_0
    SLICE_X56Y20         FDRE                                         r  Slow_Clk_0/count_reg[5]/R
  -------------------------------------------------------------------    -------------------

                         (clock sys_clk_pin rise edge)
                                                     10.000    10.000 r  
    W5                                                0.000    10.000 r  CLK (IN)
                         net (fo=0)                   0.000    10.000    CLK
    W5                   IBUF (Prop_ibuf_I_O)         1.388    11.388 r  CLK_IBUF_inst/O
                         net (fo=1, routed)           1.862    13.250    CLK_IBUF
    BUFGCTRL_X0Y0        BUFG (Prop_bufg_I_O)         0.091    13.341 r  CLK_IBUF_BUFG_inst/O
                         net (fo=34, routed)          1.442    14.783    Slow_Clk_0/CLK_IBUF_BUFG
    SLICE_X56Y20         FDRE                                         r  Slow_Clk_0/count_reg[5]/C
                         clock pessimism              0.273    15.056    
                         clock uncertainty           -0.035    15.021    
    SLICE_X56Y20         FDRE (Setup_fdre_C_R)       -0.524    14.497    Slow_Clk_0/count_reg[5]
  -------------------------------------------------------------------
                         required time                         14.497    
                         arrival time                          -9.385    
  -------------------------------------------------------------------
                         slack                                  5.112    

Slack (MET) :             5.112ns  (required time - arrival time)
  Source:                 Slow_Clk_0/count_reg[4]/C
                            (rising edge-triggered cell FDRE clocked by sys_clk_pin  {rise@0.000ns fall@5.000ns period=10.000ns})
  Destination:            Slow_Clk_0/count_reg[6]/R
                            (rising edge-triggered cell FDRE clocked by sys_clk_pin  {rise@0.000ns fall@5.000ns period=10.000ns})
  Path Group:             sys_clk_pin
  Path Type:              Setup (Max at Slow Process Corner)
  Requirement:            10.000ns  (sys_clk_pin rise@10.000ns - sys_clk_pin rise@0.000ns)
  Data Path Delay:        4.305ns  (logic 1.118ns (25.971%)  route 3.187ns (74.029%))
  Logic Levels:           3  (LUT4=2 LUT5=1)
  Clock Path Skew:        -0.024ns (DCD - SCD + CPR)
    Destination Clock Delay (DCD):    4.783ns = ( 14.783 - 10.000 ) 
    Source Clock Delay      (SCD):    5.080ns
    Clock Pessimism Removal (CPR):    0.273ns
  Clock Uncertainty:      0.035ns  ((TSJ^2 + TIJ^2)^1/2 + DJ) / 2 + PE
    Total System Jitter     (TSJ):    0.071ns
    Total Input Jitter      (TIJ):    0.000ns
    Discrete Jitter          (DJ):    0.000ns
    Phase Error              (PE):    0.000ns

    Location             Delay type                Incr(ns)  Path(ns)    Netlist Resource(s)
  -------------------------------------------------------------------    -------------------
                         (clock sys_clk_pin rise edge)
                                                      0.000     0.000 r  
    W5                                                0.000     0.000 r  CLK (IN)
                         net (fo=0)                   0.000     0.000    CLK
    W5                   IBUF (Prop_ibuf_I_O)         1.458     1.458 r  CLK_IBUF_inst/O
                         net (fo=1, routed)           1.967     3.425    CLK_IBUF
    BUFGCTRL_X0Y0        BUFG (Prop_bufg_I_O)         0.096     3.521 r  CLK_IBUF_BUFG_inst/O
                         net (fo=34, routed)          1.559     5.080    Slow_Clk_0/CLK_IBUF_BUFG
    SLICE_X56Y19         FDRE                                         r  Slow_Clk_0/count_reg[4]/C
  -------------------------------------------------------------------    -------------------
    SLICE_X56Y19         FDRE (Prop_fdre_C_Q)         0.518     5.598 f  Slow_Clk_0/count_reg[4]/Q
                         net (fo=2, routed)           0.808     6.407    Slow_Clk_0/count[4]
    SLICE_X57Y20         LUT4 (Prop_lut4_I1_O)        0.124     6.531 f  Slow_Clk_0/count[31]_i_8/O
                         net (fo=1, routed)           0.433     6.963    Slow_Clk_0/count[31]_i_8_n_0
    SLICE_X57Y20         LUT5 (Prop_lut5_I4_O)        0.150     7.113 f  Slow_Clk_0/count[31]_i_4/O
                         net (fo=2, routed)           0.997     8.111    Slow_Clk_0/count[31]_i_4_n_0
    SLICE_X55Y24         LUT4 (Prop_lut4_I2_O)        0.326     8.437 r  Slow_Clk_0/count[31]_i_1/O
                         net (fo=31, routed)          0.948     9.385    Slow_Clk_0/Clk_status_0
    SLICE_X56Y20         FDRE                                         r  Slow_Clk_0/count_reg[6]/R
  -------------------------------------------------------------------    -------------------

                         (clock sys_clk_pin rise edge)
                                                     10.000    10.000 r  
    W5                                                0.000    10.000 r  CLK (IN)
                         net (fo=0)                   0.000    10.000    CLK
    W5                   IBUF (Prop_ibuf_I_O)         1.388    11.388 r  CLK_IBUF_inst/O
                         net (fo=1, routed)           1.862    13.250    CLK_IBUF
    BUFGCTRL_X0Y0        BUFG (Prop_bufg_I_O)         0.091    13.341 r  CLK_IBUF_BUFG_inst/O
                         net (fo=34, routed)          1.442    14.783    Slow_Clk_0/CLK_IBUF_BUFG
    SLICE_X56Y20         FDRE                                         r  Slow_Clk_0/count_reg[6]/C
                         clock pessimism              0.273    15.056    
                         clock uncertainty           -0.035    15.021    
    SLICE_X56Y20         FDRE (Setup_fdre_C_R)       -0.524    14.497    Slow_Clk_0/count_reg[6]
  -------------------------------------------------------------------
                         required time                         14.497    
                         arrival time                          -9.385    
  -------------------------------------------------------------------
                         slack                                  5.112    

Slack (MET) :             5.112ns  (required time - arrival time)
  Source:                 Slow_Clk_0/count_reg[4]/C
                            (rising edge-triggered cell FDRE clocked by sys_clk_pin  {rise@0.000ns fall@5.000ns period=10.000ns})
  Destination:            Slow_Clk_0/count_reg[7]/R
                            (rising edge-triggered cell FDRE clocked by sys_clk_pin  {rise@0.000ns fall@5.000ns period=10.000ns})
  Path Group:             sys_clk_pin
  Path Type:              Setup (Max at Slow Process Corner)
  Requirement:            10.000ns  (sys_clk_pin rise@10.000ns - sys_clk_pin rise@0.000ns)
  Data Path Delay:        4.305ns  (logic 1.118ns (25.971%)  route 3.187ns (74.029%))
  Logic Levels:           3  (LUT4=2 LUT5=1)
  Clock Path Skew:        -0.024ns (DCD - SCD + CPR)
    Destination Clock Delay (DCD):    4.783ns = ( 14.783 - 10.000 ) 
    Source Clock Delay      (SCD):    5.080ns
    Clock Pessimism Removal (CPR):    0.273ns
  Clock Uncertainty:      0.035ns  ((TSJ^2 + TIJ^2)^1/2 + DJ) / 2 + PE
    Total System Jitter     (TSJ):    0.071ns
    Total Input Jitter      (TIJ):    0.000ns
    Discrete Jitter          (DJ):    0.000ns
    Phase Error              (PE):    0.000ns

    Location             Delay type                Incr(ns)  Path(ns)    Netlist Resource(s)
  -------------------------------------------------------------------    -------------------
                         (clock sys_clk_pin rise edge)
                                                      0.000     0.000 r  
    W5                                                0.000     0.000 r  CLK (IN)
                         net (fo=0)                   0.000     0.000    CLK
    W5                   IBUF (Prop_ibuf_I_O)         1.458     1.458 r  CLK_IBUF_inst/O
                         net (fo=1, routed)           1.967     3.425    CLK_IBUF
    BUFGCTRL_X0Y0        BUFG (Prop_bufg_I_O)         0.096     3.521 r  CLK_IBUF_BUFG_inst/O
                         net (fo=34, routed)          1.559     5.080    Slow_Clk_0/CLK_IBUF_BUFG
    SLICE_X56Y19         FDRE                                         r  Slow_Clk_0/count_reg[4]/C
  -------------------------------------------------------------------    -------------------
    SLICE_X56Y19         FDRE (Prop_fdre_C_Q)         0.518     5.598 f  Slow_Clk_0/count_reg[4]/Q
                         net (fo=2, routed)           0.808     6.407    Slow_Clk_0/count[4]
    SLICE_X57Y20         LUT4 (Prop_lut4_I1_O)        0.124     6.531 f  Slow_Clk_0/count[31]_i_8/O
                         net (fo=1, routed)           0.433     6.963    Slow_Clk_0/count[31]_i_8_n_0
    SLICE_X57Y20         LUT5 (Prop_lut5_I4_O)        0.150     7.113 f  Slow_Clk_0/count[31]_i_4/O
                         net (fo=2, routed)           0.997     8.111    Slow_Clk_0/count[31]_i_4_n_0
    SLICE_X55Y24         LUT4 (Prop_lut4_I2_O)        0.326     8.437 r  Slow_Clk_0/count[31]_i_1/O
                         net (fo=31, routed)          0.948     9.385    Slow_Clk_0/Clk_status_0
    SLICE_X56Y20         FDRE                                         r  Slow_Clk_0/count_reg[7]/R
  -------------------------------------------------------------------    -------------------

                         (clock sys_clk_pin rise edge)
                                                     10.000    10.000 r  
    W5                                                0.000    10.000 r  CLK (IN)
                         net (fo=0)                   0.000    10.000    CLK
    W5                   IBUF (Prop_ibuf_I_O)         1.388    11.388 r  CLK_IBUF_inst/O
                         net (fo=1, routed)           1.862    13.250    CLK_IBUF
    BUFGCTRL_X0Y0        BUFG (Prop_bufg_I_O)         0.091    13.341 r  CLK_IBUF_BUFG_inst/O
                         net (fo=34, routed)          1.442    14.783    Slow_Clk_0/CLK_IBUF_BUFG
    SLICE_X56Y20         FDRE                                         r  Slow_Clk_0/count_reg[7]/C
                         clock pessimism              0.273    15.056    
                         clock uncertainty           -0.035    15.021    
    SLICE_X56Y20         FDRE (Setup_fdre_C_R)       -0.524    14.497    Slow_Clk_0/count_reg[7]
  -------------------------------------------------------------------
                         required time                         14.497    
                         arrival time                          -9.385    
  -------------------------------------------------------------------
                         slack                                  5.112    





Min Delay Paths
--------------------------------------------------------------------------------------
Slack (MET) :             0.160ns  (arrival time - required time)
  Source:                 Slow_Clk_0/Clk_status_reg/C
                            (rising edge-triggered cell FDRE clocked by sys_clk_pin  {rise@0.000ns fall@5.000ns period=10.000ns})
  Destination:            Slow_Clk_0/Clk_Out_reg/D
                            (rising edge-triggered cell FDRE clocked by sys_clk_pin  {rise@0.000ns fall@5.000ns period=10.000ns})
  Path Group:             sys_clk_pin
  Path Type:              Hold (Min at Fast Process Corner)
  Requirement:            0.000ns  (sys_clk_pin rise@0.000ns - sys_clk_pin rise@0.000ns)
  Data Path Delay:        0.220ns  (logic 0.164ns (74.580%)  route 0.056ns (25.420%))
  Logic Levels:           0  
  Clock Path Skew:        0.000ns (DCD - SCD - CPR)
    Destination Clock Delay (DCD):    1.948ns
    Source Clock Delay      (SCD):    1.436ns
    Clock Pessimism Removal (CPR):    0.512ns

    Location             Delay type                Incr(ns)  Path(ns)    Netlist Resource(s)
  -------------------------------------------------------------------    -------------------
                         (clock sys_clk_pin rise edge)
                                                      0.000     0.000 r  
    W5                                                0.000     0.000 r  CLK (IN)
                         net (fo=0)                   0.000     0.000    CLK
    W5                   IBUF (Prop_ibuf_I_O)         0.226     0.226 r  CLK_IBUF_inst/O
                         net (fo=1, routed)           0.631     0.858    CLK_IBUF
    BUFGCTRL_X0Y0        BUFG (Prop_bufg_I_O)         0.026     0.884 r  CLK_IBUF_BUFG_inst/O
                         net (fo=34, routed)          0.553     1.436    Slow_Clk_0/CLK_IBUF_BUFG
    SLICE_X54Y24         FDRE                                         r  Slow_Clk_0/Clk_status_reg/C
  -------------------------------------------------------------------    -------------------
    SLICE_X54Y24         FDRE (Prop_fdre_C_Q)         0.164     1.600 r  Slow_Clk_0/Clk_status_reg/Q
                         net (fo=2, routed)           0.056     1.656    Slow_Clk_0/Clk_status
    SLICE_X54Y24         FDRE                                         r  Slow_Clk_0/Clk_Out_reg/D
  -------------------------------------------------------------------    -------------------

                         (clock sys_clk_pin rise edge)
                                                      0.000     0.000 r  
    W5                                                0.000     0.000 r  CLK (IN)
                         net (fo=0)                   0.000     0.000    CLK
    W5                   IBUF (Prop_ibuf_I_O)         0.414     0.414 r  CLK_IBUF_inst/O
                         net (fo=1, routed)           0.685     1.099    CLK_IBUF
    BUFGCTRL_X0Y0        BUFG (Prop_bufg_I_O)         0.029     1.128 r  CLK_IBUF_BUFG_inst/O
                         net (fo=34, routed)          0.821     1.948    Slow_Clk_0/CLK_IBUF_BUFG
    SLICE_X54Y24         FDRE                                         r  Slow_Clk_0/Clk_Out_reg/C
                         clock pessimism             -0.512     1.436    
    SLICE_X54Y24         FDRE (Hold_fdre_C_D)         0.060     1.496    Slow_Clk_0/Clk_Out_reg
  -------------------------------------------------------------------
                         required time                         -1.496    
                         arrival time                           1.656    
  -------------------------------------------------------------------
                         slack                                  0.160    

Slack (MET) :             0.265ns  (arrival time - required time)
  Source:                 Slow_Clk_0/count_reg[31]/C
                            (rising edge-triggered cell FDRE clocked by sys_clk_pin  {rise@0.000ns fall@5.000ns period=10.000ns})
  Destination:            Slow_Clk_0/count_reg[31]/D
                            (rising edge-triggered cell FDRE clocked by sys_clk_pin  {rise@0.000ns fall@5.000ns period=10.000ns})
  Path Group:             sys_clk_pin
  Path Type:              Hold (Min at Fast Process Corner)
  Requirement:            0.000ns  (sys_clk_pin rise@0.000ns - sys_clk_pin rise@0.000ns)
  Data Path Delay:        0.399ns  (logic 0.274ns (68.589%)  route 0.125ns (31.411%))
  Logic Levels:           1  (CARRY4=1)
  Clock Path Skew:        0.000ns (DCD - SCD - CPR)
    Destination Clock Delay (DCD):    1.949ns
    Source Clock Delay      (SCD):    1.439ns
    Clock Pessimism Removal (CPR):    0.510ns

    Location             Delay type                Incr(ns)  Path(ns)    Netlist Resource(s)
  -------------------------------------------------------------------    -------------------
                         (clock sys_clk_pin rise edge)
                                                      0.000     0.000 r  
    W5                                                0.000     0.000 r  CLK (IN)
                         net (fo=0)                   0.000     0.000    CLK
    W5                   IBUF (Prop_ibuf_I_O)         0.226     0.226 r  CLK_IBUF_inst/O
                         net (fo=1, routed)           0.631     0.858    CLK_IBUF
    BUFGCTRL_X0Y0        BUFG (Prop_bufg_I_O)         0.026     0.884 r  CLK_IBUF_BUFG_inst/O
                         net (fo=34, routed)          0.556     1.439    Slow_Clk_0/CLK_IBUF_BUFG
    SLICE_X56Y26         FDRE                                         r  Slow_Clk_0/count_reg[31]/C
  -------------------------------------------------------------------    -------------------
    SLICE_X56Y26         FDRE (Prop_fdre_C_Q)         0.164     1.603 r  Slow_Clk_0/count_reg[31]/Q
                         net (fo=2, routed)           0.125     1.729    Slow_Clk_0/count[31]
    SLICE_X56Y26         CARRY4 (Prop_carry4_S[2]_O[2])
                                                      0.110     1.839 r  Slow_Clk_0/count0_carry__6/O[2]
                         net (fo=1, routed)           0.000     1.839    Slow_Clk_0/data0[31]
    SLICE_X56Y26         FDRE                                         r  Slow_Clk_0/count_reg[31]/D
  -------------------------------------------------------------------    -------------------

                         (clock sys_clk_pin rise edge)
                                                      0.000     0.000 r  
    W5                                                0.000     0.000 r  CLK (IN)
                         net (fo=0)                   0.000     0.000    CLK
    W5                   IBUF (Prop_ibuf_I_O)         0.414     0.414 r  CLK_IBUF_inst/O
                         net (fo=1, routed)           0.685     1.099    CLK_IBUF
    BUFGCTRL_X0Y0        BUFG (Prop_bufg_I_O)         0.029     1.128 r  CLK_IBUF_BUFG_inst/O
                         net (fo=34, routed)          0.822     1.949    Slow_Clk_0/CLK_IBUF_BUFG
    SLICE_X56Y26         FDRE                                         r  Slow_Clk_0/count_reg[31]/C
                         clock pessimism             -0.510     1.439    
    SLICE_X56Y26         FDRE (Hold_fdre_C_D)         0.134     1.573    Slow_Clk_0/count_reg[31]
  -------------------------------------------------------------------
                         required time                         -1.573    
                         arrival time                           1.839    
  -------------------------------------------------------------------
                         slack                                  0.265    

Slack (MET) :             0.265ns  (arrival time - required time)
  Source:                 Slow_Clk_0/count_reg[23]/C
                            (rising edge-triggered cell FDRE clocked by sys_clk_pin  {rise@0.000ns fall@5.000ns period=10.000ns})
  Destination:            Slow_Clk_0/count_reg[23]/D
                            (rising edge-triggered cell FDRE clocked by sys_clk_pin  {rise@0.000ns fall@5.000ns period=10.000ns})
  Path Group:             sys_clk_pin
  Path Type:              Hold (Min at Fast Process Corner)
  Requirement:            0.000ns  (sys_clk_pin rise@0.000ns - sys_clk_pin rise@0.000ns)
  Data Path Delay:        0.399ns  (logic 0.274ns (68.589%)  route 0.125ns (31.411%))
  Logic Levels:           1  (CARRY4=1)
  Clock Path Skew:        0.000ns (DCD - SCD - CPR)
    Destination Clock Delay (DCD):    1.948ns
    Source Clock Delay      (SCD):    1.438ns
    Clock Pessimism Removal (CPR):    0.510ns

    Location             Delay type                Incr(ns)  Path(ns)    Netlist Resource(s)
  -------------------------------------------------------------------    -------------------
                         (clock sys_clk_pin rise edge)
                                                      0.000     0.000 r  
    W5                                                0.000     0.000 r  CLK (IN)
                         net (fo=0)                   0.000     0.000    CLK
    W5                   IBUF (Prop_ibuf_I_O)         0.226     0.226 r  CLK_IBUF_inst/O
                         net (fo=1, routed)           0.631     0.858    CLK_IBUF
    BUFGCTRL_X0Y0        BUFG (Prop_bufg_I_O)         0.026     0.884 r  CLK_IBUF_BUFG_inst/O
                         net (fo=34, routed)          0.555     1.438    Slow_Clk_0/CLK_IBUF_BUFG
    SLICE_X56Y24         FDRE                                         r  Slow_Clk_0/count_reg[23]/C
  -------------------------------------------------------------------    -------------------
    SLICE_X56Y24         FDRE (Prop_fdre_C_Q)         0.164     1.602 r  Slow_Clk_0/count_reg[23]/Q
                         net (fo=2, routed)           0.125     1.728    Slow_Clk_0/count[23]
    SLICE_X56Y24         CARRY4 (Prop_carry4_S[2]_O[2])
                                                      0.110     1.838 r  Slow_Clk_0/count0_carry__4/O[2]
                         net (fo=1, routed)           0.000     1.838    Slow_Clk_0/data0[23]
    SLICE_X56Y24         FDRE                                         r  Slow_Clk_0/count_reg[23]/D
  -------------------------------------------------------------------    -------------------

                         (clock sys_clk_pin rise edge)
                                                      0.000     0.000 r  
    W5                                                0.000     0.000 r  CLK (IN)
                         net (fo=0)                   0.000     0.000    CLK
    W5                   IBUF (Prop_ibuf_I_O)         0.414     0.414 r  CLK_IBUF_inst/O
                         net (fo=1, routed)           0.685     1.099    CLK_IBUF
    BUFGCTRL_X0Y0        BUFG (Prop_bufg_I_O)         0.029     1.128 r  CLK_IBUF_BUFG_inst/O
                         net (fo=34, routed)          0.821     1.948    Slow_Clk_0/CLK_IBUF_BUFG
    SLICE_X56Y24         FDRE                                         r  Slow_Clk_0/count_reg[23]/C
                         clock pessimism             -0.510     1.438    
    SLICE_X56Y24         FDRE (Hold_fdre_C_D)         0.134     1.572    Slow_Clk_0/count_reg[23]
  -------------------------------------------------------------------
                         required time                         -1.572    
                         arrival time                           1.838    
  -------------------------------------------------------------------
                         slack                                  0.265    

Slack (MET) :             0.266ns  (arrival time - required time)
  Source:                 Slow_Clk_0/count_reg[27]/C
                            (rising edge-triggered cell FDRE clocked by sys_clk_pin  {rise@0.000ns fall@5.000ns period=10.000ns})
  Destination:            Slow_Clk_0/count_reg[27]/D
                            (rising edge-triggered cell FDRE clocked by sys_clk_pin  {rise@0.000ns fall@5.000ns period=10.000ns})
  Path Group:             sys_clk_pin
  Path Type:              Hold (Min at Fast Process Corner)
  Requirement:            0.000ns  (sys_clk_pin rise@0.000ns - sys_clk_pin rise@0.000ns)
  Data Path Delay:        0.400ns  (logic 0.274ns (68.524%)  route 0.126ns (31.476%))
  Logic Levels:           1  (CARRY4=1)
  Clock Path Skew:        0.000ns (DCD - SCD - CPR)
    Destination Clock Delay (DCD):    1.948ns
    Source Clock Delay      (SCD):    1.438ns
    Clock Pessimism Removal (CPR):    0.510ns

    Location             Delay type                Incr(ns)  Path(ns)    Netlist Resource(s)
  -------------------------------------------------------------------    -------------------
                         (clock sys_clk_pin rise edge)
                                                      0.000     0.000 r  
    W5                                                0.000     0.000 r  CLK (IN)
                         net (fo=0)                   0.000     0.000    CLK
    W5                   IBUF (Prop_ibuf_I_O)         0.226     0.226 r  CLK_IBUF_inst/O
                         net (fo=1, routed)           0.631     0.858    CLK_IBUF
    BUFGCTRL_X0Y0        BUFG (Prop_bufg_I_O)         0.026     0.884 r  CLK_IBUF_BUFG_inst/O
                         net (fo=34, routed)          0.555     1.438    Slow_Clk_0/CLK_IBUF_BUFG
    SLICE_X56Y25         FDRE                                         r  Slow_Clk_0/count_reg[27]/C
  -------------------------------------------------------------------    -------------------
    SLICE_X56Y25         FDRE (Prop_fdre_C_Q)         0.164     1.602 r  Slow_Clk_0/count_reg[27]/Q
                         net (fo=2, routed)           0.126     1.728    Slow_Clk_0/count[27]
    SLICE_X56Y25         CARRY4 (Prop_carry4_S[2]_O[2])
                                                      0.110     1.838 r  Slow_Clk_0/count0_carry__5/O[2]
                         net (fo=1, routed)           0.000     1.838    Slow_Clk_0/data0[27]
    SLICE_X56Y25         FDRE                                         r  Slow_Clk_0/count_reg[27]/D
  -------------------------------------------------------------------    -------------------

                         (clock sys_clk_pin rise edge)
                                                      0.000     0.000 r  
    W5                                                0.000     0.000 r  CLK (IN)
                         net (fo=0)                   0.000     0.000    CLK
    W5                   IBUF (Prop_ibuf_I_O)         0.414     0.414 r  CLK_IBUF_inst/O
                         net (fo=1, routed)           0.685     1.099    CLK_IBUF
    BUFGCTRL_X0Y0        BUFG (Prop_bufg_I_O)         0.029     1.128 r  CLK_IBUF_BUFG_inst/O
                         net (fo=34, routed)          0.821     1.948    Slow_Clk_0/CLK_IBUF_BUFG
    SLICE_X56Y25         FDRE                                         r  Slow_Clk_0/count_reg[27]/C
                         clock pessimism             -0.510     1.438    
    SLICE_X56Y25         FDRE (Hold_fdre_C_D)         0.134     1.572    Slow_Clk_0/count_reg[27]
  -------------------------------------------------------------------
                         required time                         -1.572    
                         arrival time                           1.838    
  -------------------------------------------------------------------
                         slack                                  0.266    

Slack (MET) :             0.267ns  (arrival time - required time)
  Source:                 Slow_Clk_0/count_reg[15]/C
                            (rising edge-triggered cell FDRE clocked by sys_clk_pin  {rise@0.000ns fall@5.000ns period=10.000ns})
  Destination:            Slow_Clk_0/count_reg[15]/D
                            (rising edge-triggered cell FDRE clocked by sys_clk_pin  {rise@0.000ns fall@5.000ns period=10.000ns})
  Path Group:             sys_clk_pin
  Path Type:              Hold (Min at Fast Process Corner)
  Requirement:            0.000ns  (sys_clk_pin rise@0.000ns - sys_clk_pin rise@0.000ns)
  Data Path Delay:        0.401ns  (logic 0.274ns (68.412%)  route 0.127ns (31.588%))
  Logic Levels:           1  (CARRY4=1)
  Clock Path Skew:        0.000ns (DCD - SCD - CPR)
    Destination Clock Delay (DCD):    1.951ns
    Source Clock Delay      (SCD):    1.441ns
    Clock Pessimism Removal (CPR):    0.510ns

    Location             Delay type                Incr(ns)  Path(ns)    Netlist Resource(s)
  -------------------------------------------------------------------    -------------------
                         (clock sys_clk_pin rise edge)
                                                      0.000     0.000 r  
    W5                                                0.000     0.000 r  CLK (IN)
                         net (fo=0)                   0.000     0.000    CLK
    W5                   IBUF (Prop_ibuf_I_O)         0.226     0.226 r  CLK_IBUF_inst/O
                         net (fo=1, routed)           0.631     0.858    CLK_IBUF
    BUFGCTRL_X0Y0        BUFG (Prop_bufg_I_O)         0.026     0.884 r  CLK_IBUF_BUFG_inst/O
                         net (fo=34, routed)          0.558     1.441    Slow_Clk_0/CLK_IBUF_BUFG
    SLICE_X56Y22         FDRE                                         r  Slow_Clk_0/count_reg[15]/C
  -------------------------------------------------------------------    -------------------
    SLICE_X56Y22         FDRE (Prop_fdre_C_Q)         0.164     1.605 r  Slow_Clk_0/count_reg[15]/Q
                         net (fo=2, routed)           0.127     1.732    Slow_Clk_0/count[15]
    SLICE_X56Y22         CARRY4 (Prop_carry4_S[2]_O[2])
                                                      0.110     1.842 r  Slow_Clk_0/count0_carry__2/O[2]
                         net (fo=1, routed)           0.000     1.842    Slow_Clk_0/data0[15]
    SLICE_X56Y22         FDRE                                         r  Slow_Clk_0/count_reg[15]/D
  -------------------------------------------------------------------    -------------------

                         (clock sys_clk_pin rise edge)
                                                      0.000     0.000 r  
    W5                                                0.000     0.000 r  CLK (IN)
                         net (fo=0)                   0.000     0.000    CLK
    W5                   IBUF (Prop_ibuf_I_O)         0.414     0.414 r  CLK_IBUF_inst/O
                         net (fo=1, routed)           0.685     1.099    CLK_IBUF
    BUFGCTRL_X0Y0        BUFG (Prop_bufg_I_O)         0.029     1.128 r  CLK_IBUF_BUFG_inst/O
                         net (fo=34, routed)          0.824     1.951    Slow_Clk_0/CLK_IBUF_BUFG
    SLICE_X56Y22         FDRE                                         r  Slow_Clk_0/count_reg[15]/C
                         clock pessimism             -0.510     1.441    
    SLICE_X56Y22         FDRE (Hold_fdre_C_D)         0.134     1.575    Slow_Clk_0/count_reg[15]
  -------------------------------------------------------------------
                         required time                         -1.575    
                         arrival time                           1.842    
  -------------------------------------------------------------------
                         slack                                  0.267    

Slack (MET) :             0.267ns  (arrival time - required time)
  Source:                 Slow_Clk_0/count_reg[19]/C
                            (rising edge-triggered cell FDRE clocked by sys_clk_pin  {rise@0.000ns fall@5.000ns period=10.000ns})
  Destination:            Slow_Clk_0/count_reg[19]/D
                            (rising edge-triggered cell FDRE clocked by sys_clk_pin  {rise@0.000ns fall@5.000ns period=10.000ns})
  Path Group:             sys_clk_pin
  Path Type:              Hold (Min at Fast Process Corner)
  Requirement:            0.000ns  (sys_clk_pin rise@0.000ns - sys_clk_pin rise@0.000ns)
  Data Path Delay:        0.401ns  (logic 0.274ns (68.412%)  route 0.127ns (31.588%))
  Logic Levels:           1  (CARRY4=1)
  Clock Path Skew:        0.000ns (DCD - SCD - CPR)
    Destination Clock Delay (DCD):    1.949ns
    Source Clock Delay      (SCD):    1.439ns
    Clock Pessimism Removal (CPR):    0.510ns

    Location             Delay type                Incr(ns)  Path(ns)    Netlist Resource(s)
  -------------------------------------------------------------------    -------------------
                         (clock sys_clk_pin rise edge)
                                                      0.000     0.000 r  
    W5                                                0.000     0.000 r  CLK (IN)
                         net (fo=0)                   0.000     0.000    CLK
    W5                   IBUF (Prop_ibuf_I_O)         0.226     0.226 r  CLK_IBUF_inst/O
                         net (fo=1, routed)           0.631     0.858    CLK_IBUF
    BUFGCTRL_X0Y0        BUFG (Prop_bufg_I_O)         0.026     0.884 r  CLK_IBUF_BUFG_inst/O
                         net (fo=34, routed)          0.556     1.439    Slow_Clk_0/CLK_IBUF_BUFG
    SLICE_X56Y23         FDRE                                         r  Slow_Clk_0/count_reg[19]/C
  -------------------------------------------------------------------    -------------------
    SLICE_X56Y23         FDRE (Prop_fdre_C_Q)         0.164     1.603 r  Slow_Clk_0/count_reg[19]/Q
                         net (fo=2, routed)           0.127     1.730    Slow_Clk_0/count[19]
    SLICE_X56Y23         CARRY4 (Prop_carry4_S[2]_O[2])
                                                      0.110     1.840 r  Slow_Clk_0/count0_carry__3/O[2]
                         net (fo=1, routed)           0.000     1.840    Slow_Clk_0/data0[19]
    SLICE_X56Y23         FDRE                                         r  Slow_Clk_0/count_reg[19]/D
  -------------------------------------------------------------------    -------------------

                         (clock sys_clk_pin rise edge)
                                                      0.000     0.000 r  
    W5                                                0.000     0.000 r  CLK (IN)
                         net (fo=0)                   0.000     0.000    CLK
    W5                   IBUF (Prop_ibuf_I_O)         0.414     0.414 r  CLK_IBUF_inst/O
                         net (fo=1, routed)           0.685     1.099    CLK_IBUF
    BUFGCTRL_X0Y0        BUFG (Prop_bufg_I_O)         0.029     1.128 r  CLK_IBUF_BUFG_inst/O
                         net (fo=34, routed)          0.822     1.949    Slow_Clk_0/CLK_IBUF_BUFG
    SLICE_X56Y23         FDRE                                         r  Slow_Clk_0/count_reg[19]/C
                         clock pessimism             -0.510     1.439    
    SLICE_X56Y23         FDRE (Hold_fdre_C_D)         0.134     1.573    Slow_Clk_0/count_reg[19]
  -------------------------------------------------------------------
                         required time                         -1.573    
                         arrival time                           1.840    
  -------------------------------------------------------------------
                         slack                                  0.267    

Slack (MET) :             0.267ns  (arrival time - required time)
  Source:                 Slow_Clk_0/count_reg[3]/C
                            (rising edge-triggered cell FDRE clocked by sys_clk_pin  {rise@0.000ns fall@5.000ns period=10.000ns})
  Destination:            Slow_Clk_0/count_reg[3]/D
                            (rising edge-triggered cell FDRE clocked by sys_clk_pin  {rise@0.000ns fall@5.000ns period=10.000ns})
  Path Group:             sys_clk_pin
  Path Type:              Hold (Min at Fast Process Corner)
  Requirement:            0.000ns  (sys_clk_pin rise@0.000ns - sys_clk_pin rise@0.000ns)
  Data Path Delay:        0.401ns  (logic 0.274ns (68.401%)  route 0.127ns (31.599%))
  Logic Levels:           1  (CARRY4=1)
  Clock Path Skew:        0.000ns (DCD - SCD - CPR)
    Destination Clock Delay (DCD):    1.954ns
    Source Clock Delay      (SCD):    1.443ns
    Clock Pessimism Removal (CPR):    0.511ns

    Location             Delay type                Incr(ns)  Path(ns)    Netlist Resource(s)
  -------------------------------------------------------------------    -------------------
                         (clock sys_clk_pin rise edge)
                                                      0.000     0.000 r  
    W5                                                0.000     0.000 r  CLK (IN)
                         net (fo=0)                   0.000     0.000    CLK
    W5                   IBUF (Prop_ibuf_I_O)         0.226     0.226 r  CLK_IBUF_inst/O
                         net (fo=1, routed)           0.631     0.858    CLK_IBUF
    BUFGCTRL_X0Y0        BUFG (Prop_bufg_I_O)         0.026     0.884 r  CLK_IBUF_BUFG_inst/O
                         net (fo=34, routed)          0.560     1.443    Slow_Clk_0/CLK_IBUF_BUFG
    SLICE_X56Y19         FDRE                                         r  Slow_Clk_0/count_reg[3]/C
  -------------------------------------------------------------------    -------------------
    SLICE_X56Y19         FDRE (Prop_fdre_C_Q)         0.164     1.607 r  Slow_Clk_0/count_reg[3]/Q
                         net (fo=2, routed)           0.127     1.734    Slow_Clk_0/count[3]
    SLICE_X56Y19         CARRY4 (Prop_carry4_S[2]_O[2])
                                                      0.110     1.844 r  Slow_Clk_0/count0_carry/O[2]
                         net (fo=1, routed)           0.000     1.844    Slow_Clk_0/data0[3]
    SLICE_X56Y19         FDRE                                         r  Slow_Clk_0/count_reg[3]/D
  -------------------------------------------------------------------    -------------------

                         (clock sys_clk_pin rise edge)
                                                      0.000     0.000 r  
    W5                                                0.000     0.000 r  CLK (IN)
                         net (fo=0)                   0.000     0.000    CLK
    W5                   IBUF (Prop_ibuf_I_O)         0.414     0.414 r  CLK_IBUF_inst/O
                         net (fo=1, routed)           0.685     1.099    CLK_IBUF
    BUFGCTRL_X0Y0        BUFG (Prop_bufg_I_O)         0.029     1.128 r  CLK_IBUF_BUFG_inst/O
                         net (fo=34, routed)          0.827     1.954    Slow_Clk_0/CLK_IBUF_BUFG
    SLICE_X56Y19         FDRE                                         r  Slow_Clk_0/count_reg[3]/C
                         clock pessimism             -0.511     1.443    
    SLICE_X56Y19         FDRE (Hold_fdre_C_D)         0.134     1.577    Slow_Clk_0/count_reg[3]
  -------------------------------------------------------------------
                         required time                         -1.577    
                         arrival time                           1.844    
  -------------------------------------------------------------------
                         slack                                  0.267    

Slack (MET) :             0.272ns  (arrival time - required time)
  Source:                 Slow_Clk_0/count_reg[0]/C
                            (rising edge-triggered cell FDRE clocked by sys_clk_pin  {rise@0.000ns fall@5.000ns period=10.000ns})
  Destination:            Slow_Clk_0/count_reg[1]/D
                            (rising edge-triggered cell FDRE clocked by sys_clk_pin  {rise@0.000ns fall@5.000ns period=10.000ns})
  Path Group:             sys_clk_pin
  Path Type:              Hold (Min at Fast Process Corner)
  Requirement:            0.000ns  (sys_clk_pin rise@0.000ns - sys_clk_pin rise@0.000ns)
  Data Path Delay:        0.421ns  (logic 0.299ns (70.998%)  route 0.122ns (29.002%))
  Logic Levels:           1  (CARRY4=1)
  Clock Path Skew:        0.015ns (DCD - SCD - CPR)
    Destination Clock Delay (DCD):    1.954ns
    Source Clock Delay      (SCD):    1.442ns
    Clock Pessimism Removal (CPR):    0.497ns

    Location             Delay type                Incr(ns)  Path(ns)    Netlist Resource(s)
  -------------------------------------------------------------------    -------------------
                         (clock sys_clk_pin rise edge)
                                                      0.000     0.000 r  
    W5                                                0.000     0.000 r  CLK (IN)
                         net (fo=0)                   0.000     0.000    CLK
    W5                   IBUF (Prop_ibuf_I_O)         0.226     0.226 r  CLK_IBUF_inst/O
                         net (fo=1, routed)           0.631     0.858    CLK_IBUF
    BUFGCTRL_X0Y0        BUFG (Prop_bufg_I_O)         0.026     0.884 r  CLK_IBUF_BUFG_inst/O
                         net (fo=34, routed)          0.559     1.442    Slow_Clk_0/CLK_IBUF_BUFG
    SLICE_X57Y20         FDRE                                         r  Slow_Clk_0/count_reg[0]/C
  -------------------------------------------------------------------    -------------------
    SLICE_X57Y20         FDRE (Prop_fdre_C_Q)         0.141     1.583 r  Slow_Clk_0/count_reg[0]/Q
                         net (fo=3, routed)           0.122     1.705    Slow_Clk_0/count[0]
    SLICE_X56Y19         CARRY4 (Prop_carry4_CYINIT_O[0])
                                                      0.158     1.863 r  Slow_Clk_0/count0_carry/O[0]
                         net (fo=1, routed)           0.000     1.863    Slow_Clk_0/data0[1]
    SLICE_X56Y19         FDRE                                         r  Slow_Clk_0/count_reg[1]/D
  -------------------------------------------------------------------    -------------------

                         (clock sys_clk_pin rise edge)
                                                      0.000     0.000 r  
    W5                                                0.000     0.000 r  CLK (IN)
                         net (fo=0)                   0.000     0.000    CLK
    W5                   IBUF (Prop_ibuf_I_O)         0.414     0.414 r  CLK_IBUF_inst/O
                         net (fo=1, routed)           0.685     1.099    CLK_IBUF
    BUFGCTRL_X0Y0        BUFG (Prop_bufg_I_O)         0.029     1.128 r  CLK_IBUF_BUFG_inst/O
                         net (fo=34, routed)          0.827     1.954    Slow_Clk_0/CLK_IBUF_BUFG
    SLICE_X56Y19         FDRE                                         r  Slow_Clk_0/count_reg[1]/C
                         clock pessimism             -0.497     1.457    
    SLICE_X56Y19         FDRE (Hold_fdre_C_D)         0.134     1.591    Slow_Clk_0/count_reg[1]
  -------------------------------------------------------------------
                         required time                         -1.591    
                         arrival time                           1.863    
  -------------------------------------------------------------------
                         slack                                  0.272    

Slack (MET) :             0.289ns  (arrival time - required time)
  Source:                 Slow_Clk_0/Clk_status_reg/C
                            (rising edge-triggered cell FDRE clocked by sys_clk_pin  {rise@0.000ns fall@5.000ns period=10.000ns})
  Destination:            Slow_Clk_0/Clk_status_reg/D
                            (rising edge-triggered cell FDRE clocked by sys_clk_pin  {rise@0.000ns fall@5.000ns period=10.000ns})
  Path Group:             sys_clk_pin
  Path Type:              Hold (Min at Fast Process Corner)
  Requirement:            0.000ns  (sys_clk_pin rise@0.000ns - sys_clk_pin rise@0.000ns)
  Data Path Delay:        0.409ns  (logic 0.209ns (51.053%)  route 0.200ns (48.947%))
  Logic Levels:           1  (LUT5=1)
  Clock Path Skew:        0.000ns (DCD - SCD - CPR)
    Destination Clock Delay (DCD):    1.948ns
    Source Clock Delay      (SCD):    1.436ns
    Clock Pessimism Removal (CPR):    0.512ns

    Location             Delay type                Incr(ns)  Path(ns)    Netlist Resource(s)
  -------------------------------------------------------------------    -------------------
                         (clock sys_clk_pin rise edge)
                                                      0.000     0.000 r  
    W5                                                0.000     0.000 r  CLK (IN)
                         net (fo=0)                   0.000     0.000    CLK
    W5                   IBUF (Prop_ibuf_I_O)         0.226     0.226 r  CLK_IBUF_inst/O
                         net (fo=1, routed)           0.631     0.858    CLK_IBUF
    BUFGCTRL_X0Y0        BUFG (Prop_bufg_I_O)         0.026     0.884 r  CLK_IBUF_BUFG_inst/O
                         net (fo=34, routed)          0.553     1.436    Slow_Clk_0/CLK_IBUF_BUFG
    SLICE_X54Y24         FDRE                                         r  Slow_Clk_0/Clk_status_reg/C
  -------------------------------------------------------------------    -------------------
    SLICE_X54Y24         FDRE (Prop_fdre_C_Q)         0.164     1.600 r  Slow_Clk_0/Clk_status_reg/Q
                         net (fo=2, routed)           0.200     1.801    Slow_Clk_0/Clk_status
    SLICE_X54Y24         LUT5 (Prop_lut5_I4_O)        0.045     1.846 r  Slow_Clk_0/Clk_status_i_1/O
                         net (fo=1, routed)           0.000     1.846    Slow_Clk_0/Clk_status_i_1_n_0
    SLICE_X54Y24         FDRE                                         r  Slow_Clk_0/Clk_status_reg/D
  -------------------------------------------------------------------    -------------------

                         (clock sys_clk_pin rise edge)
                                                      0.000     0.000 r  
    W5                                                0.000     0.000 r  CLK (IN)
                         net (fo=0)                   0.000     0.000    CLK
    W5                   IBUF (Prop_ibuf_I_O)         0.414     0.414 r  CLK_IBUF_inst/O
                         net (fo=1, routed)           0.685     1.099    CLK_IBUF
    BUFGCTRL_X0Y0        BUFG (Prop_bufg_I_O)         0.029     1.128 r  CLK_IBUF_BUFG_inst/O
                         net (fo=34, routed)          0.821     1.948    Slow_Clk_0/CLK_IBUF_BUFG
    SLICE_X54Y24         FDRE                                         r  Slow_Clk_0/Clk_status_reg/C
                         clock pessimism             -0.512     1.436    
    SLICE_X54Y24         FDRE (Hold_fdre_C_D)         0.120     1.556    Slow_Clk_0/Clk_status_reg
  -------------------------------------------------------------------
                         required time                         -1.556    
                         arrival time                           1.846    
  -------------------------------------------------------------------
                         slack                                  0.289    

Slack (MET) :             0.298ns  (arrival time - required time)
  Source:                 Slow_Clk_0/count_reg[0]/C
                            (rising edge-triggered cell FDRE clocked by sys_clk_pin  {rise@0.000ns fall@5.000ns period=10.000ns})
  Destination:            Slow_Clk_0/count_reg[2]/D
                            (rising edge-triggered cell FDRE clocked by sys_clk_pin  {rise@0.000ns fall@5.000ns period=10.000ns})
  Path Group:             sys_clk_pin
  Path Type:              Hold (Min at Fast Process Corner)
  Requirement:            0.000ns  (sys_clk_pin rise@0.000ns - sys_clk_pin rise@0.000ns)
  Data Path Delay:        0.447ns  (logic 0.325ns (72.684%)  route 0.122ns (27.316%))
  Logic Levels:           1  (CARRY4=1)
  Clock Path Skew:        0.015ns (DCD - SCD - CPR)
    Destination Clock Delay (DCD):    1.954ns
    Source Clock Delay      (SCD):    1.442ns
    Clock Pessimism Removal (CPR):    0.497ns

    Location             Delay type                Incr(ns)  Path(ns)    Netlist Resource(s)
  -------------------------------------------------------------------    -------------------
                         (clock sys_clk_pin rise edge)
                                                      0.000     0.000 r  
    W5                                                0.000     0.000 r  CLK (IN)
                         net (fo=0)                   0.000     0.000    CLK
    W5                   IBUF (Prop_ibuf_I_O)         0.226     0.226 r  CLK_IBUF_inst/O
                         net (fo=1, routed)           0.631     0.858    CLK_IBUF
    BUFGCTRL_X0Y0        BUFG (Prop_bufg_I_O)         0.026     0.884 r  CLK_IBUF_BUFG_inst/O
                         net (fo=34, routed)          0.559     1.442    Slow_Clk_0/CLK_IBUF_BUFG
    SLICE_X57Y20         FDRE                                         r  Slow_Clk_0/count_reg[0]/C
  -------------------------------------------------------------------    -------------------
    SLICE_X57Y20         FDRE (Prop_fdre_C_Q)         0.141     1.583 r  Slow_Clk_0/count_reg[0]/Q
                         net (fo=3, routed)           0.122     1.705    Slow_Clk_0/count[0]
    SLICE_X56Y19         CARRY4 (Prop_carry4_CYINIT_O[1])
                                                      0.184     1.889 r  Slow_Clk_0/count0_carry/O[1]
                         net (fo=1, routed)           0.000     1.889    Slow_Clk_0/data0[2]
    SLICE_X56Y19         FDRE                                         r  Slow_Clk_0/count_reg[2]/D
  -------------------------------------------------------------------    -------------------

                         (clock sys_clk_pin rise edge)
                                                      0.000     0.000 r  
    W5                                                0.000     0.000 r  CLK (IN)
                         net (fo=0)                   0.000     0.000    CLK
    W5                   IBUF (Prop_ibuf_I_O)         0.414     0.414 r  CLK_IBUF_inst/O
                         net (fo=1, routed)           0.685     1.099    CLK_IBUF
    BUFGCTRL_X0Y0        BUFG (Prop_bufg_I_O)         0.029     1.128 r  CLK_IBUF_BUFG_inst/O
                         net (fo=34, routed)          0.827     1.954    Slow_Clk_0/CLK_IBUF_BUFG
    SLICE_X56Y19         FDRE                                         r  Slow_Clk_0/count_reg[2]/C
                         clock pessimism             -0.497     1.457    
    SLICE_X56Y19         FDRE (Hold_fdre_C_D)         0.134     1.591    Slow_Clk_0/count_reg[2]
  -------------------------------------------------------------------
                         required time                         -1.591    
                         arrival time                           1.889    
  -------------------------------------------------------------------
                         slack                                  0.298    





Pulse Width Checks
--------------------------------------------------------------------------------------
Clock Name:         sys_clk_pin
Waveform(ns):       { 0.000 5.000 }
Period(ns):         10.000
Sources:            { CLK }

Check Type        Corner  Lib Pin  Reference Pin  Required(ns)  Actual(ns)  Slack(ns)  Location       Pin
Min Period        n/a     BUFG/I   n/a            2.155         10.000      7.845      BUFGCTRL_X0Y0  CLK_IBUF_BUFG_inst/I
Min Period        n/a     FDRE/C   n/a            1.000         10.000      9.000      SLICE_X54Y24   Slow_Clk_0/Clk_Out_reg/C
Min Period        n/a     FDRE/C   n/a            1.000         10.000      9.000      SLICE_X54Y24   Slow_Clk_0/Clk_status_reg/C
Min Period        n/a     FDRE/C   n/a            1.000         10.000      9.000      SLICE_X57Y20   Slow_Clk_0/count_reg[0]/C
Min Period        n/a     FDRE/C   n/a            1.000         10.000      9.000      SLICE_X56Y21   Slow_Clk_0/count_reg[10]/C
Min Period        n/a     FDRE/C   n/a            1.000         10.000      9.000      SLICE_X56Y21   Slow_Clk_0/count_reg[11]/C
Min Period        n/a     FDRE/C   n/a            1.000         10.000      9.000      SLICE_X56Y21   Slow_Clk_0/count_reg[12]/C
Min Period        n/a     FDRE/C   n/a            1.000         10.000      9.000      SLICE_X56Y22   Slow_Clk_0/count_reg[13]/C
Min Period        n/a     FDRE/C   n/a            1.000         10.000      9.000      SLICE_X56Y22   Slow_Clk_0/count_reg[14]/C
Min Period        n/a     FDRE/C   n/a            1.000         10.000      9.000      SLICE_X56Y22   Slow_Clk_0/count_reg[15]/C
Low Pulse Width   Fast    FDRE/C   n/a            0.500         5.000       4.500      SLICE_X54Y24   Slow_Clk_0/Clk_Out_reg/C
Low Pulse Width   Fast    FDRE/C   n/a            0.500         5.000       4.500      SLICE_X54Y24   Slow_Clk_0/Clk_status_reg/C
Low Pulse Width   Slow    FDRE/C   n/a            0.500         5.000       4.500      SLICE_X56Y22   Slow_Clk_0/count_reg[13]/C
Low Pulse Width   Slow    FDRE/C   n/a            0.500         5.000       4.500      SLICE_X56Y22   Slow_Clk_0/count_reg[14]/C
Low Pulse Width   Slow    FDRE/C   n/a            0.500         5.000       4.500      SLICE_X56Y22   Slow_Clk_0/count_reg[15]/C
Low Pulse Width   Slow    FDRE/C   n/a            0.500         5.000       4.500      SLICE_X56Y22   Slow_Clk_0/count_reg[16]/C
Low Pulse Width   Slow    FDRE/C   n/a            0.500         5.000       4.500      SLICE_X56Y23   Slow_Clk_0/count_reg[17]/C
Low Pulse Width   Slow    FDRE/C   n/a            0.500         5.000       4.500      SLICE_X56Y23   Slow_Clk_0/count_reg[18]/C
Low Pulse Width   Slow    FDRE/C   n/a            0.500         5.000       4.500      SLICE_X56Y23   Slow_Clk_0/count_reg[19]/C
Low Pulse Width   Slow    FDRE/C   n/a            0.500         5.000       4.500      SLICE_X56Y23   Slow_Clk_0/count_reg[20]/C
High Pulse Width  Slow    FDRE/C   n/a            0.500         5.000       4.500      SLICE_X57Y20   Slow_Clk_0/count_reg[0]/C
High Pulse Width  Slow    FDRE/C   n/a            0.500         5.000       4.500      SLICE_X56Y21   Slow_Clk_0/count_reg[10]/C
High Pulse Width  Slow    FDRE/C   n/a            0.500         5.000       4.500      SLICE_X56Y21   Slow_Clk_0/count_reg[11]/C
High Pulse Width  Slow    FDRE/C   n/a            0.500         5.000       4.500      SLICE_X56Y21   Slow_Clk_0/count_reg[12]/C
High Pulse Width  Fast    FDRE/C   n/a            0.500         5.000       4.500      SLICE_X56Y22   Slow_Clk_0/count_reg[13]/C
High Pulse Width  Fast    FDRE/C   n/a            0.500         5.000       4.500      SLICE_X56Y22   Slow_Clk_0/count_reg[14]/C
High Pulse Width  Fast    FDRE/C   n/a            0.500         5.000       4.500      SLICE_X56Y22   Slow_Clk_0/count_reg[15]/C
High Pulse Width  Fast    FDRE/C   n/a            0.500         5.000       4.500      SLICE_X56Y22   Slow_Clk_0/count_reg[16]/C
High Pulse Width  Slow    FDRE/C   n/a            0.500         5.000       4.500      SLICE_X56Y19   Slow_Clk_0/count_reg[1]/C
High Pulse Width  Slow    FDRE/C   n/a            0.500         5.000       4.500      SLICE_X56Y19   Slow_Clk_0/count_reg[2]/C



